[0.970s] DEBUG:colcon:Command line arguments: ['/usr/bin/colcon', 'build', '--symlink-install']
[0.971s] DEBUG:colcon:Parsed command line arguments: Namespace(allow_overriding=[], ament_cmake_args=None, base_paths=['.'], build_base='build', catkin_cmake_args=None, catkin_skip_building_tests=False, cmake_args=None, cmake_clean_cache=False, cmake_clean_first=False, cmake_force_configure=False, cmake_target=None, cmake_target_skip_unavailable=False, continue_on_error=False, event_handlers=None, executor='parallel', ignore_user_meta=False, install_base='install', log_base=None, log_level=None, main=<bound method BuildVerb.main of <colcon_core.verb.build.BuildVerb object at 0x7eff9c34c250>>, merge_install=False, metas=['./colcon.meta'], mixin=None, mixin_files=None, mixin_verb=('build',), packages_above=None, packages_above_and_dependencies=None, packages_above_depth=None, packages_end=None, packages_ignore=None, packages_ignore_regex=None, packages_select=None, packages_select_build_failed=False, packages_select_by_dep=None, packages_select_regex=None, packages_select_test_failures=False, packages_skip=None, packages_skip_build_finished=False, packages_skip_by_dep=None, packages_skip_regex=None, packages_skip_test_passed=False, packages_skip_up_to=None, packages_start=None, packages_up_to=None, packages_up_to_regex=None, parallel_workers=6, paths=None, symlink_install=True, test_result_base=None, verb_extension=<colcon_core.verb.build.BuildVerb object at 0x7eff9c34c250>, verb_name='build', verb_parser=<colcon_mixin.mixin.mixin_argument.MixinArgumentDecorator object at 0x7eff9c1f3190>)
[1.702s] Level 1:colcon.colcon_core.package_discovery:discover_packages(colcon_meta) check parameters
[1.703s] Level 1:colcon.colcon_core.package_discovery:discover_packages(recursive) check parameters
[1.703s] Level 1:colcon.colcon_core.package_discovery:discover_packages(ignore) check parameters
[1.703s] Level 1:colcon.colcon_core.package_discovery:discover_packages(path) check parameters
[1.703s] Level 1:colcon.colcon_core.package_discovery:discover_packages(colcon_meta) discover
[1.703s] Level 1:colcon.colcon_core.package_discovery:discover_packages(recursive) discover
[1.703s] INFO:colcon.colcon_core.package_discovery:Crawling recursively for packages in '/home/chan/project_ws'
[1.704s] Level 1:colcon.colcon_core.package_identification:_identify(.) by extensions ['ignore', 'ignore_ament_install']
[1.705s] Level 1:colcon.colcon_core.package_identification:_identify(.) by extension 'ignore'
[1.705s] Level 1:colcon.colcon_core.package_identification:_identify(.) by extension 'ignore_ament_install'
[1.705s] Level 1:colcon.colcon_core.package_identification:_identify(.) by extensions ['colcon_pkg']
[1.705s] Level 1:colcon.colcon_core.package_identification:_identify(.) by extension 'colcon_pkg'
[1.706s] Level 1:colcon.colcon_core.package_identification:_identify(.) by extensions ['colcon_meta']
[1.706s] Level 1:colcon.colcon_core.package_identification:_identify(.) by extension 'colcon_meta'
[1.706s] Level 1:colcon.colcon_core.package_identification:_identify(.) by extensions ['ros']
[1.706s] Level 1:colcon.colcon_core.package_identification:_identify(.) by extension 'ros'
[1.753s] Level 1:colcon.colcon_core.package_identification:_identify(.) by extensions ['cmake', 'python']
[1.753s] Level 1:colcon.colcon_core.package_identification:_identify(.) by extension 'cmake'
[1.754s] Level 1:colcon.colcon_core.package_identification:_identify(.) by extension 'python'
[1.754s] Level 1:colcon.colcon_core.package_identification:_identify(.) by extensions ['python_setup_py']
[1.754s] Level 1:colcon.colcon_core.package_identification:_identify(.) by extension 'python_setup_py'
[1.754s] Level 1:colcon.colcon_core.package_identification:_identify(build) by extensions ['ignore', 'ignore_ament_install']
[1.755s] Level 1:colcon.colcon_core.package_identification:_identify(build) by extension 'ignore'
[1.755s] Level 1:colcon.colcon_core.package_identification:_identify(build) ignored
[1.756s] Level 1:colcon.colcon_core.package_identification:_identify(data) by extensions ['ignore', 'ignore_ament_install']
[1.756s] Level 1:colcon.colcon_core.package_identification:_identify(data) by extension 'ignore'
[1.756s] Level 1:colcon.colcon_core.package_identification:_identify(data) by extension 'ignore_ament_install'
[1.756s] Level 1:colcon.colcon_core.package_identification:_identify(data) by extensions ['colcon_pkg']
[1.757s] Level 1:colcon.colcon_core.package_identification:_identify(data) by extension 'colcon_pkg'
[1.757s] Level 1:colcon.colcon_core.package_identification:_identify(data) by extensions ['colcon_meta']
[1.757s] Level 1:colcon.colcon_core.package_identification:_identify(data) by extension 'colcon_meta'
[1.757s] Level 1:colcon.colcon_core.package_identification:_identify(data) by extensions ['ros']
[1.757s] Level 1:colcon.colcon_core.package_identification:_identify(data) by extension 'ros'
[1.758s] Level 1:colcon.colcon_core.package_identification:_identify(data) by extensions ['cmake', 'python']
[1.758s] Level 1:colcon.colcon_core.package_identification:_identify(data) by extension 'cmake'
[1.758s] Level 1:colcon.colcon_core.package_identification:_identify(data) by extension 'python'
[1.758s] Level 1:colcon.colcon_core.package_identification:_identify(data) by extensions ['python_setup_py']
[1.758s] Level 1:colcon.colcon_core.package_identification:_identify(data) by extension 'python_setup_py'
[1.759s] Level 1:colcon.colcon_core.package_identification:_identify(install) by extensions ['ignore', 'ignore_ament_install']
[1.759s] Level 1:colcon.colcon_core.package_identification:_identify(install) by extension 'ignore'
[1.759s] Level 1:colcon.colcon_core.package_identification:_identify(install) ignored
[1.760s] Level 1:colcon.colcon_core.package_identification:_identify(log) by extensions ['ignore', 'ignore_ament_install']
[1.760s] Level 1:colcon.colcon_core.package_identification:_identify(log) by extension 'ignore'
[1.761s] Level 1:colcon.colcon_core.package_identification:_identify(log) ignored
[1.761s] Level 1:colcon.colcon_core.package_identification:_identify(src) by extensions ['ignore', 'ignore_ament_install']
[1.761s] Level 1:colcon.colcon_core.package_identification:_identify(src) by extension 'ignore'
[1.762s] Level 1:colcon.colcon_core.package_identification:_identify(src) by extension 'ignore_ament_install'
[1.762s] Level 1:colcon.colcon_core.package_identification:_identify(src) by extensions ['colcon_pkg']
[1.762s] Level 1:colcon.colcon_core.package_identification:_identify(src) by extension 'colcon_pkg'
[1.762s] Level 1:colcon.colcon_core.package_identification:_identify(src) by extensions ['colcon_meta']
[1.762s] Level 1:colcon.colcon_core.package_identification:_identify(src) by extension 'colcon_meta'
[1.763s] Level 1:colcon.colcon_core.package_identification:_identify(src) by extensions ['ros']
[1.763s] Level 1:colcon.colcon_core.package_identification:_identify(src) by extension 'ros'
[1.763s] Level 1:colcon.colcon_core.package_identification:_identify(src) by extensions ['cmake', 'python']
[1.763s] Level 1:colcon.colcon_core.package_identification:_identify(src) by extension 'cmake'
[1.763s] Level 1:colcon.colcon_core.package_identification:_identify(src) by extension 'python'
[1.764s] Level 1:colcon.colcon_core.package_identification:_identify(src) by extensions ['python_setup_py']
[1.764s] Level 1:colcon.colcon_core.package_identification:_identify(src) by extension 'python_setup_py'
[1.764s] Level 1:colcon.colcon_core.package_identification:_identify(src/self_driving_car_pkg) by extensions ['ignore', 'ignore_ament_install']
[1.765s] Level 1:colcon.colcon_core.package_identification:_identify(src/self_driving_car_pkg) by extension 'ignore'
[1.765s] Level 1:colcon.colcon_core.package_identification:_identify(src/self_driving_car_pkg) by extension 'ignore_ament_install'
[1.765s] Level 1:colcon.colcon_core.package_identification:_identify(src/self_driving_car_pkg) by extensions ['colcon_pkg']
[1.765s] Level 1:colcon.colcon_core.package_identification:_identify(src/self_driving_car_pkg) by extension 'colcon_pkg'
[1.765s] Level 1:colcon.colcon_core.package_identification:_identify(src/self_driving_car_pkg) by extensions ['colcon_meta']
[1.766s] Level 1:colcon.colcon_core.package_identification:_identify(src/self_driving_car_pkg) by extension 'colcon_meta'
[1.766s] Level 1:colcon.colcon_core.package_identification:_identify(src/self_driving_car_pkg) by extensions ['ros']
[1.766s] Level 1:colcon.colcon_core.package_identification:_identify(src/self_driving_car_pkg) by extension 'ros'
[1.776s] DEBUG:colcon.colcon_core.package_identification:Package 'src/self_driving_car_pkg' with type 'ros.ament_python' and name 'self_driving_car_pkg'
[1.776s] Level 1:colcon.colcon_core.package_discovery:discover_packages(recursive) using defaults
[1.776s] Level 1:colcon.colcon_core.package_discovery:discover_packages(ignore) discover
[1.777s] Level 1:colcon.colcon_core.package_discovery:discover_packages(ignore) using defaults
[1.777s] Level 1:colcon.colcon_core.package_discovery:discover_packages(path) discover
[1.777s] Level 1:colcon.colcon_core.package_discovery:discover_packages(path) using defaults
[1.842s] Level 1:colcon.colcon_core.package_discovery:discover_packages(prefix_path) check parameters
[1.843s] Level 1:colcon.colcon_core.package_discovery:discover_packages(prefix_path) discover
[1.850s] DEBUG:colcon.colcon_installed_package_information.package_discovery:Found 1 installed packages in /home/chan/project_ws/install
[1.857s] DEBUG:colcon.colcon_installed_package_information.package_discovery:Found 344 installed packages in /opt/ros/foxy
[1.917s] Level 1:colcon.colcon_core.package_discovery:discover_packages(prefix_path) using defaults
[2.250s] Level 5:colcon.colcon_core.verb:set package 'self_driving_car_pkg' build argument 'cmake_args' from command line to 'None'
[2.250s] Level 5:colcon.colcon_core.verb:set package 'self_driving_car_pkg' build argument 'cmake_target' from command line to 'None'
[2.250s] Level 5:colcon.colcon_core.verb:set package 'self_driving_car_pkg' build argument 'cmake_target_skip_unavailable' from command line to 'False'
[2.250s] Level 5:colcon.colcon_core.verb:set package 'self_driving_car_pkg' build argument 'cmake_clean_cache' from command line to 'False'
[2.251s] Level 5:colcon.colcon_core.verb:set package 'self_driving_car_pkg' build argument 'cmake_clean_first' from command line to 'False'
[2.251s] Level 5:colcon.colcon_core.verb:set package 'self_driving_car_pkg' build argument 'cmake_force_configure' from command line to 'False'
[2.251s] Level 5:colcon.colcon_core.verb:set package 'self_driving_car_pkg' build argument 'ament_cmake_args' from command line to 'None'
[2.251s] Level 5:colcon.colcon_core.verb:set package 'self_driving_car_pkg' build argument 'catkin_cmake_args' from command line to 'None'
[2.251s] Level 5:colcon.colcon_core.verb:set package 'self_driving_car_pkg' build argument 'catkin_skip_building_tests' from command line to 'False'
[2.251s] DEBUG:colcon.colcon_core.verb:Building package 'self_driving_car_pkg' with the following arguments: {'ament_cmake_args': None, 'build_base': '/home/chan/project_ws/build/self_driving_car_pkg', 'catkin_cmake_args': None, 'catkin_skip_building_tests': False, 'cmake_args': None, 'cmake_clean_cache': False, 'cmake_clean_first': False, 'cmake_force_configure': False, 'cmake_target': None, 'cmake_target_skip_unavailable': False, 'install_base': '/home/chan/project_ws/install/self_driving_car_pkg', 'merge_install': False, 'path': '/home/chan/project_ws/src/self_driving_car_pkg', 'symlink_install': True, 'test_result_base': None}
[2.252s] INFO:colcon.colcon_core.executor:Executing jobs using 'parallel' executor
[2.255s] DEBUG:colcon.colcon_parallel_executor.executor.parallel:run_until_complete
[2.255s] INFO:colcon.colcon_ros.task.ament_python.build:Building ROS package in '/home/chan/project_ws/src/self_driving_car_pkg' with build type 'ament_python'
[2.256s] Level 1:colcon.colcon_core.shell:create_environment_hook('self_driving_car_pkg', 'ament_prefix_path')
[2.264s] INFO:colcon.colcon_core.plugin_system:Skipping extension 'colcon_core.shell.bat': Not used on non-Windows systems
[2.265s] INFO:colcon.colcon_core.shell:Creating environment hook '/home/chan/project_ws/install/self_driving_car_pkg/share/self_driving_car_pkg/hook/ament_prefix_path.ps1'
[2.267s] INFO:colcon.colcon_core.shell:Creating environment descriptor '/home/chan/project_ws/install/self_driving_car_pkg/share/self_driving_car_pkg/hook/ament_prefix_path.dsv'
[2.269s] INFO:colcon.colcon_core.shell:Creating environment hook '/home/chan/project_ws/install/self_driving_car_pkg/share/self_driving_car_pkg/hook/ament_prefix_path.sh'
[2.273s] INFO:colcon.colcon_core.shell:Skip shell extension 'powershell' for command environment: Not usable outside of PowerShell
[2.273s] DEBUG:colcon.colcon_core.shell:Skip shell extension 'dsv' for command environment
[3.357s] INFO:colcon.colcon_core.task.python.build:Building Python package in '/home/chan/project_ws/src/self_driving_car_pkg'
[3.359s] INFO:colcon.colcon_core.shell:Skip shell extension 'powershell' for command environment: Not usable outside of PowerShell
[3.359s] DEBUG:colcon.colcon_core.shell:Skip shell extension 'dsv' for command environment
[5.052s] DEBUG:colcon.colcon_core.event_handler.log_command:Invoking command in '/home/chan/project_ws/build/self_driving_car_pkg': PYTHONPATH=/home/chan/project_ws/build/self_driving_car_pkg/prefix_override:/usr/lib/python3/dist-packages/colcon_core/task/python/colcon_distutils_commands:/home/chan/project_ws/install/self_driving_car_pkg/lib/python3.8/site-packages:${PYTHONPATH} /usr/bin/python3 -W ignore:setup.py install is deprecated setup.py develop --editable --build-directory /home/chan/project_ws/build/self_driving_car_pkg/build --no-deps symlink_data
[7.261s] Level 1:colcon.colcon_core.shell:create_environment_hook('self_driving_car_pkg', 'pythonpath_develop')
[7.263s] INFO:colcon.colcon_core.shell:Creating environment hook '/home/chan/project_ws/build/self_driving_car_pkg/share/self_driving_car_pkg/hook/pythonpath_develop.ps1'
[7.265s] DEBUG:colcon.colcon_core.event_handler.log_command:Invoked command in '/home/chan/project_ws/build/self_driving_car_pkg' returned '0': PYTHONPATH=/home/chan/project_ws/build/self_driving_car_pkg/prefix_override:/usr/lib/python3/dist-packages/colcon_core/task/python/colcon_distutils_commands:/home/chan/project_ws/install/self_driving_car_pkg/lib/python3.8/site-packages:${PYTHONPATH} /usr/bin/python3 -W ignore:setup.py install is deprecated setup.py develop --editable --build-directory /home/chan/project_ws/build/self_driving_car_pkg/build --no-deps symlink_data
[7.267s] INFO:colcon.colcon_core.shell:Creating environment descriptor '/home/chan/project_ws/build/self_driving_car_pkg/share/self_driving_car_pkg/hook/pythonpath_develop.dsv'
[7.268s] INFO:colcon.colcon_core.shell:Creating environment hook '/home/chan/project_ws/build/self_driving_car_pkg/share/self_driving_car_pkg/hook/pythonpath_develop.sh'
[7.279s] Level 1:colcon.colcon_core.environment:checking '/home/chan/project_ws/install/self_driving_car_pkg' for CMake module files
[7.281s] Level 1:colcon.colcon_core.environment:checking '/home/chan/project_ws/install/self_driving_car_pkg' for CMake config files
[7.291s] Level 1:colcon.colcon_core.environment:checking '/home/chan/project_ws/install/self_driving_car_pkg/lib'
[7.292s] Level 1:colcon.colcon_core.environment:checking '/home/chan/project_ws/install/self_driving_car_pkg/bin'
[7.292s] Level 1:colcon.colcon_core.environment:checking '/home/chan/project_ws/install/self_driving_car_pkg/lib/pkgconfig/self_driving_car_pkg.pc'
[7.293s] Level 1:colcon.colcon_core.environment:checking '/home/chan/project_ws/install/self_driving_car_pkg/lib/python3.8/site-packages'
[7.293s] Level 1:colcon.colcon_core.shell:create_environment_hook('self_driving_car_pkg', 'pythonpath')
[7.294s] INFO:colcon.colcon_core.shell:Creating environment hook '/home/chan/project_ws/install/self_driving_car_pkg/share/self_driving_car_pkg/hook/pythonpath.ps1'
[7.296s] INFO:colcon.colcon_core.shell:Creating environment descriptor '/home/chan/project_ws/install/self_driving_car_pkg/share/self_driving_car_pkg/hook/pythonpath.dsv'
[7.297s] INFO:colcon.colcon_core.shell:Creating environment hook '/home/chan/project_ws/install/self_driving_car_pkg/share/self_driving_car_pkg/hook/pythonpath.sh'
[7.300s] Level 1:colcon.colcon_core.environment:checking '/home/chan/project_ws/install/self_driving_car_pkg/bin'
[7.300s] Level 1:colcon.colcon_core.environment:create_environment_scripts_only(self_driving_car_pkg)
[7.301s] INFO:colcon.colcon_core.shell:Creating package script '/home/chan/project_ws/install/self_driving_car_pkg/share/self_driving_car_pkg/package.ps1'
[7.305s] INFO:colcon.colcon_core.shell:Creating package descriptor '/home/chan/project_ws/install/self_driving_car_pkg/share/self_driving_car_pkg/package.dsv'
[7.307s] INFO:colcon.colcon_core.shell:Creating package script '/home/chan/project_ws/install/self_driving_car_pkg/share/self_driving_car_pkg/package.sh'
[7.311s] INFO:colcon.colcon_core.shell:Creating package script '/home/chan/project_ws/install/self_driving_car_pkg/share/self_driving_car_pkg/package.bash'
[7.314s] INFO:colcon.colcon_core.shell:Creating package script '/home/chan/project_ws/install/self_driving_car_pkg/share/self_driving_car_pkg/package.zsh'
[7.317s] Level 1:colcon.colcon_core.environment:create_file_with_runtime_dependencies(/home/chan/project_ws/install/self_driving_car_pkg/share/colcon-core/packages/self_driving_car_pkg)
[7.319s] DEBUG:colcon.colcon_parallel_executor.executor.parallel:closing loop
[7.319s] DEBUG:colcon.colcon_parallel_executor.executor.parallel:loop closed
[7.320s] DEBUG:colcon.colcon_parallel_executor.executor.parallel:run_until_complete finished with '0'
[7.320s] DEBUG:colcon.colcon_core.event_reactor:joining thread
[7.343s] INFO:colcon.colcon_core.plugin_system:Skipping extension 'colcon_notification.desktop_notification.terminal_notifier': Not used on non-Darwin systems
[7.343s] INFO:colcon.colcon_core.plugin_system:Skipping extension 'colcon_notification.desktop_notification.win32': Not used on non-Windows systems
[7.344s] INFO:colcon.colcon_notification.desktop_notification:Sending desktop notification using 'notify2'
[7.393s] DEBUG:colcon.colcon_core.event_reactor:joined thread
[7.395s] INFO:colcon.colcon_core.shell:Creating prefix script '/home/chan/project_ws/install/local_setup.ps1'
[7.398s] INFO:colcon.colcon_core.shell:Creating prefix util module '/home/chan/project_ws/install/_local_setup_util_ps1.py'
[7.404s] INFO:colcon.colcon_core.shell:Creating prefix chain script '/home/chan/project_ws/install/setup.ps1'
[7.408s] INFO:colcon.colcon_core.shell:Creating prefix script '/home/chan/project_ws/install/local_setup.sh'
[7.410s] INFO:colcon.colcon_core.shell:Creating prefix util module '/home/chan/project_ws/install/_local_setup_util_sh.py'
[7.412s] INFO:colcon.colcon_core.shell:Creating prefix chain script '/home/chan/project_ws/install/setup.sh'
[7.416s] INFO:colcon.colcon_core.shell:Creating prefix script '/home/chan/project_ws/install/local_setup.bash'
[7.418s] INFO:colcon.colcon_core.shell:Creating prefix chain script '/home/chan/project_ws/install/setup.bash'
[7.422s] INFO:colcon.colcon_core.shell:Creating prefix script '/home/chan/project_ws/install/local_setup.zsh'
[7.424s] INFO:colcon.colcon_core.shell:Creating prefix chain script '/home/chan/project_ws/install/setup.zsh'
