[1.093s] Invoking command in '/home/chan/project_ws/build/self_driving_car_pkg': PYTHONPATH=/home/chan/project_ws/build/self_driving_car_pkg/prefix_override:/usr/lib/python3/dist-packages/colcon_core/task/python/colcon_distutils_commands:/home/chan/project_ws/install/self_driving_car_pkg/lib/python3.8/site-packages:${PYTHONPATH} /usr/bin/python3 -W ignore:setup.py install is deprecated setup.py develop --uninstall --editable --build-directory /home/chan/project_ws/build/self_driving_car_pkg/build
[1.500s] running develop
[1.749s] Removing /home/chan/project_ws/install/self_driving_car_pkg/lib/python3.8/site-packages/self-driving-car-pkg.egg-link (link to .)
[1.781s] Invoked command in '/home/chan/project_ws/build/self_driving_car_pkg' returned '0': PYTHONPATH=/home/chan/project_ws/build/self_driving_car_pkg/prefix_override:/usr/lib/python3/dist-packages/colcon_core/task/python/colcon_distutils_commands:/home/chan/project_ws/install/self_driving_car_pkg/lib/python3.8/site-packages:${PYTHONPATH} /usr/bin/python3 -W ignore:setup.py install is deprecated setup.py develop --uninstall --editable --build-directory /home/chan/project_ws/build/self_driving_car_pkg/build
[1.785s] Invoking command in '/home/chan/project_ws/src/self_driving_car_pkg': PYTHONPATH=/home/chan/project_ws/build/self_driving_car_pkg/prefix_override:/usr/lib/python3/dist-packages/colcon_core/task/python/colcon_distutils_commands:/home/chan/project_ws/install/self_driving_car_pkg/lib/python3.8/site-packages:${PYTHONPATH} /usr/bin/python3 -W ignore:setup.py install is deprecated setup.py egg_info --egg-base ../../build/self_driving_car_pkg build --build-base /home/chan/project_ws/build/self_driving_car_pkg/build install --record /home/chan/project_ws/build/self_driving_car_pkg/install.log --install-scripts $base/lib/self_driving_car_pkg --single-version-externally-managed install_data --force
[2.167s] running egg_info
[2.168s] writing ../../build/self_driving_car_pkg/self_driving_car_pkg.egg-info/PKG-INFO
[2.168s] writing dependency_links to ../../build/self_driving_car_pkg/self_driving_car_pkg.egg-info/dependency_links.txt
[2.169s] writing entry points to ../../build/self_driving_car_pkg/self_driving_car_pkg.egg-info/entry_points.txt
[2.169s] writing requirements to ../../build/self_driving_car_pkg/self_driving_car_pkg.egg-info/requires.txt
[2.169s] writing top-level names to ../../build/self_driving_car_pkg/self_driving_car_pkg.egg-info/top_level.txt
[2.228s] reading manifest file '../../build/self_driving_car_pkg/self_driving_car_pkg.egg-info/SOURCES.txt'
[2.230s] writing manifest file '../../build/self_driving_car_pkg/self_driving_car_pkg.egg-info/SOURCES.txt'
[2.230s] running build
[2.231s] running build_py
[2.231s] creating /home/chan/project_ws/build/self_driving_car_pkg/build
[2.231s] creating /home/chan/project_ws/build/self_driving_car_pkg/build/lib
[2.231s] creating /home/chan/project_ws/build/self_driving_car_pkg/build/lib/self_driving_car_pkg
[2.232s] copying self_driving_car_pkg/computer_vision_node.py -> /home/chan/project_ws/build/self_driving_car_pkg/build/lib/self_driving_car_pkg
[2.232s] copying self_driving_car_pkg/drive_node.py -> /home/chan/project_ws/build/self_driving_car_pkg/build/lib/self_driving_car_pkg
[2.232s] copying self_driving_car_pkg/sdc_V2.py -> /home/chan/project_ws/build/self_driving_car_pkg/build/lib/self_driving_car_pkg
[2.233s] copying self_driving_car_pkg/video_save.py -> /home/chan/project_ws/build/self_driving_car_pkg/build/lib/self_driving_car_pkg
[2.233s] copying self_driving_car_pkg/upper_camera_video.py -> /home/chan/project_ws/build/self_driving_car_pkg/build/lib/self_driving_car_pkg
[2.233s] copying self_driving_car_pkg/sdf_spawner.py -> /home/chan/project_ws/build/self_driving_car_pkg/build/lib/self_driving_car_pkg
[2.233s] copying self_driving_car_pkg/Drive_Bot.py -> /home/chan/project_ws/build/self_driving_car_pkg/build/lib/self_driving_car_pkg
[2.233s] copying self_driving_car_pkg/__init__.py -> /home/chan/project_ws/build/self_driving_car_pkg/build/lib/self_driving_car_pkg
[2.233s] creating /home/chan/project_ws/build/self_driving_car_pkg/build/lib/self_driving_car_pkg/Detection
[2.234s] creating /home/chan/project_ws/build/self_driving_car_pkg/build/lib/self_driving_car_pkg/Detection/Lanes
[2.234s] creating /home/chan/project_ws/build/self_driving_car_pkg/build/lib/self_driving_car_pkg/Detection/Lanes/d_LaneInfo_Extraction
[2.234s] copying self_driving_car_pkg/Detection/Lanes/d_LaneInfo_Extraction/GetStateInfoandDisplayLane.py -> /home/chan/project_ws/build/self_driving_car_pkg/build/lib/self_driving_car_pkg/Detection/Lanes/d_LaneInfo_Extraction
[2.234s] copying self_driving_car_pkg/Detection/Lanes/d_LaneInfo_Extraction/__init__.py -> /home/chan/project_ws/build/self_driving_car_pkg/build/lib/self_driving_car_pkg/Detection/Lanes/d_LaneInfo_Extraction
[2.234s] creating /home/chan/project_ws/build/self_driving_car_pkg/build/lib/self_driving_car_pkg/Detection/Lanes/c_Cleaning
[2.234s] copying self_driving_car_pkg/Detection/Lanes/c_Cleaning/CheckifYellowLaneCorrect_RetInnerBoundary.py -> /home/chan/project_ws/build/self_driving_car_pkg/build/lib/self_driving_car_pkg/Detection/Lanes/c_Cleaning
[2.234s] copying self_driving_car_pkg/Detection/Lanes/c_Cleaning/ExtendLanesAndRefineMidLaneEdge.py -> /home/chan/project_ws/build/self_driving_car_pkg/build/lib/self_driving_car_pkg/Detection/Lanes/c_Cleaning
[2.235s] copying self_driving_car_pkg/Detection/Lanes/c_Cleaning/__init__.py -> /home/chan/project_ws/build/self_driving_car_pkg/build/lib/self_driving_car_pkg/Detection/Lanes/c_Cleaning
[2.235s] creating /home/chan/project_ws/build/self_driving_car_pkg/build/lib/self_driving_car_pkg/Detection/Lanes/b_Estimation
[2.235s] copying self_driving_car_pkg/Detection/Lanes/b_Estimation/Our_EstimationAlgo.py -> /home/chan/project_ws/build/self_driving_car_pkg/build/lib/self_driving_car_pkg/Detection/Lanes/b_Estimation
[2.235s] copying self_driving_car_pkg/Detection/Lanes/b_Estimation/__init__.py -> /home/chan/project_ws/build/self_driving_car_pkg/build/lib/self_driving_car_pkg/Detection/Lanes/b_Estimation
[2.235s] creating /home/chan/project_ws/build/self_driving_car_pkg/build/lib/self_driving_car_pkg/Detection/Lanes/a_Segmentation
[2.235s] copying self_driving_car_pkg/Detection/Lanes/a_Segmentation/__init__.py -> /home/chan/project_ws/build/self_driving_car_pkg/build/lib/self_driving_car_pkg/Detection/Lanes/a_Segmentation
[2.235s] copying self_driving_car_pkg/Detection/Lanes/a_Segmentation/colour_segmentation_final.py -> /home/chan/project_ws/build/self_driving_car_pkg/build/lib/self_driving_car_pkg/Detection/Lanes/a_Segmentation
[2.236s] copying self_driving_car_pkg/Detection/Lanes/utilities.py -> /home/chan/project_ws/build/self_driving_car_pkg/build/lib/self_driving_car_pkg/Detection/Lanes
[2.236s] copying self_driving_car_pkg/Detection/Lanes/Morph_op.py -> /home/chan/project_ws/build/self_driving_car_pkg/build/lib/self_driving_car_pkg/Detection/Lanes
[2.236s] copying self_driving_car_pkg/Detection/Lanes/Lane_Detection.py -> /home/chan/project_ws/build/self_driving_car_pkg/build/lib/self_driving_car_pkg/Detection/Lanes
[2.236s] copying self_driving_car_pkg/Detection/Lanes/__init__.py -> /home/chan/project_ws/build/self_driving_car_pkg/build/lib/self_driving_car_pkg/Detection/Lanes
[2.236s] creating /home/chan/project_ws/build/self_driving_car_pkg/build/lib/self_driving_car_pkg/Detection/Signs
[2.236s] creating /home/chan/project_ws/build/self_driving_car_pkg/build/lib/self_driving_car_pkg/Detection/Signs/Classification
[2.236s] copying self_driving_car_pkg/Detection/Signs/Classification/CNN.py -> /home/chan/project_ws/build/self_driving_car_pkg/build/lib/self_driving_car_pkg/Detection/Signs/Classification
[2.237s] copying self_driving_car_pkg/Detection/Signs/Classification/Classification_CNN.py -> /home/chan/project_ws/build/self_driving_car_pkg/build/lib/self_driving_car_pkg/Detection/Signs/Classification
[2.237s] copying self_driving_car_pkg/Detection/Signs/Classification/__init__.py -> /home/chan/project_ws/build/self_driving_car_pkg/build/lib/self_driving_car_pkg/Detection/Signs/Classification
[2.237s] copying self_driving_car_pkg/Detection/Signs/Classification/Visualize_CNN.py -> /home/chan/project_ws/build/self_driving_car_pkg/build/lib/self_driving_car_pkg/Detection/Signs/Classification
[2.237s] copying self_driving_car_pkg/Detection/Signs/SignDetectionApi.py -> /home/chan/project_ws/build/self_driving_car_pkg/build/lib/self_driving_car_pkg/Detection/Signs
[2.237s] copying self_driving_car_pkg/Detection/Signs/__init__.py -> /home/chan/project_ws/build/self_driving_car_pkg/build/lib/self_driving_car_pkg/Detection/Signs
[2.238s] creating /home/chan/project_ws/build/self_driving_car_pkg/build/lib/self_driving_car_pkg/Detection/TrafficLights
[2.238s] copying self_driving_car_pkg/Detection/TrafficLights/TrafficLights_Detection.py -> /home/chan/project_ws/build/self_driving_car_pkg/build/lib/self_driving_car_pkg/Detection/TrafficLights
[2.238s] copying self_driving_car_pkg/Detection/TrafficLights/__init__.py -> /home/chan/project_ws/build/self_driving_car_pkg/build/lib/self_driving_car_pkg/Detection/TrafficLights
[2.238s] copying self_driving_car_pkg/Detection/__init__.py -> /home/chan/project_ws/build/self_driving_car_pkg/build/lib/self_driving_car_pkg/Detection
[2.239s] creating /home/chan/project_ws/build/self_driving_car_pkg/build/lib/self_driving_car_pkg/config
[2.239s] copying self_driving_car_pkg/config/config.py -> /home/chan/project_ws/build/self_driving_car_pkg/build/lib/self_driving_car_pkg/config
[2.239s] copying self_driving_car_pkg/config/__init__.py -> /home/chan/project_ws/build/self_driving_car_pkg/build/lib/self_driving_car_pkg/config
[2.239s] creating /home/chan/project_ws/build/self_driving_car_pkg/build/lib/self_driving_car_pkg/data
[2.239s] copying self_driving_car_pkg/data/__init__.py -> /home/chan/project_ws/build/self_driving_car_pkg/build/lib/self_driving_car_pkg/data
[2.241s] running install
[2.242s] running install_lib
[2.244s] creating /home/chan/project_ws/install/self_driving_car_pkg/lib/python3.8/site-packages/self_driving_car_pkg
[2.244s] creating /home/chan/project_ws/install/self_driving_car_pkg/lib/python3.8/site-packages/self_driving_car_pkg/data
[2.244s] copying /home/chan/project_ws/build/self_driving_car_pkg/build/lib/self_driving_car_pkg/data/__init__.py -> /home/chan/project_ws/install/self_driving_car_pkg/lib/python3.8/site-packages/self_driving_car_pkg/data
[2.245s] copying /home/chan/project_ws/build/self_driving_car_pkg/build/lib/self_driving_car_pkg/computer_vision_node.py -> /home/chan/project_ws/install/self_driving_car_pkg/lib/python3.8/site-packages/self_driving_car_pkg
[2.245s] copying /home/chan/project_ws/build/self_driving_car_pkg/build/lib/self_driving_car_pkg/drive_node.py -> /home/chan/project_ws/install/self_driving_car_pkg/lib/python3.8/site-packages/self_driving_car_pkg
[2.245s] copying /home/chan/project_ws/build/self_driving_car_pkg/build/lib/self_driving_car_pkg/sdc_V2.py -> /home/chan/project_ws/install/self_driving_car_pkg/lib/python3.8/site-packages/self_driving_car_pkg
[2.245s] creating /home/chan/project_ws/install/self_driving_car_pkg/lib/python3.8/site-packages/self_driving_car_pkg/Detection
[2.245s] creating /home/chan/project_ws/install/self_driving_car_pkg/lib/python3.8/site-packages/self_driving_car_pkg/Detection/Lanes
[2.246s] copying /home/chan/project_ws/build/self_driving_car_pkg/build/lib/self_driving_car_pkg/Detection/Lanes/utilities.py -> /home/chan/project_ws/install/self_driving_car_pkg/lib/python3.8/site-packages/self_driving_car_pkg/Detection/Lanes
[2.246s] copying /home/chan/project_ws/build/self_driving_car_pkg/build/lib/self_driving_car_pkg/Detection/Lanes/Morph_op.py -> /home/chan/project_ws/install/self_driving_car_pkg/lib/python3.8/site-packages/self_driving_car_pkg/Detection/Lanes
[2.246s] copying /home/chan/project_ws/build/self_driving_car_pkg/build/lib/self_driving_car_pkg/Detection/Lanes/Lane_Detection.py -> /home/chan/project_ws/install/self_driving_car_pkg/lib/python3.8/site-packages/self_driving_car_pkg/Detection/Lanes
[2.246s] creating /home/chan/project_ws/install/self_driving_car_pkg/lib/python3.8/site-packages/self_driving_car_pkg/Detection/Lanes/c_Cleaning
[2.246s] copying /home/chan/project_ws/build/self_driving_car_pkg/build/lib/self_driving_car_pkg/Detection/Lanes/c_Cleaning/CheckifYellowLaneCorrect_RetInnerBoundary.py -> /home/chan/project_ws/install/self_driving_car_pkg/lib/python3.8/site-packages/self_driving_car_pkg/Detection/Lanes/c_Cleaning
[2.246s] copying /home/chan/project_ws/build/self_driving_car_pkg/build/lib/self_driving_car_pkg/Detection/Lanes/c_Cleaning/ExtendLanesAndRefineMidLaneEdge.py -> /home/chan/project_ws/install/self_driving_car_pkg/lib/python3.8/site-packages/self_driving_car_pkg/Detection/Lanes/c_Cleaning
[2.246s] copying /home/chan/project_ws/build/self_driving_car_pkg/build/lib/self_driving_car_pkg/Detection/Lanes/c_Cleaning/__init__.py -> /home/chan/project_ws/install/self_driving_car_pkg/lib/python3.8/site-packages/self_driving_car_pkg/Detection/Lanes/c_Cleaning
[2.246s] creating /home/chan/project_ws/install/self_driving_car_pkg/lib/python3.8/site-packages/self_driving_car_pkg/Detection/Lanes/d_LaneInfo_Extraction
[2.247s] copying /home/chan/project_ws/build/self_driving_car_pkg/build/lib/self_driving_car_pkg/Detection/Lanes/d_LaneInfo_Extraction/GetStateInfoandDisplayLane.py -> /home/chan/project_ws/install/self_driving_car_pkg/lib/python3.8/site-packages/self_driving_car_pkg/Detection/Lanes/d_LaneInfo_Extraction
[2.247s] copying /home/chan/project_ws/build/self_driving_car_pkg/build/lib/self_driving_car_pkg/Detection/Lanes/d_LaneInfo_Extraction/__init__.py -> /home/chan/project_ws/install/self_driving_car_pkg/lib/python3.8/site-packages/self_driving_car_pkg/Detection/Lanes/d_LaneInfo_Extraction
[2.247s] creating /home/chan/project_ws/install/self_driving_car_pkg/lib/python3.8/site-packages/self_driving_car_pkg/Detection/Lanes/a_Segmentation
[2.247s] copying /home/chan/project_ws/build/self_driving_car_pkg/build/lib/self_driving_car_pkg/Detection/Lanes/a_Segmentation/__init__.py -> /home/chan/project_ws/install/self_driving_car_pkg/lib/python3.8/site-packages/self_driving_car_pkg/Detection/Lanes/a_Segmentation
[2.247s] copying /home/chan/project_ws/build/self_driving_car_pkg/build/lib/self_driving_car_pkg/Detection/Lanes/a_Segmentation/colour_segmentation_final.py -> /home/chan/project_ws/install/self_driving_car_pkg/lib/python3.8/site-packages/self_driving_car_pkg/Detection/Lanes/a_Segmentation
[2.247s] creating /home/chan/project_ws/install/self_driving_car_pkg/lib/python3.8/site-packages/self_driving_car_pkg/Detection/Lanes/b_Estimation
[2.247s] copying /home/chan/project_ws/build/self_driving_car_pkg/build/lib/self_driving_car_pkg/Detection/Lanes/b_Estimation/Our_EstimationAlgo.py -> /home/chan/project_ws/install/self_driving_car_pkg/lib/python3.8/site-packages/self_driving_car_pkg/Detection/Lanes/b_Estimation
[2.248s] copying /home/chan/project_ws/build/self_driving_car_pkg/build/lib/self_driving_car_pkg/Detection/Lanes/b_Estimation/__init__.py -> /home/chan/project_ws/install/self_driving_car_pkg/lib/python3.8/site-packages/self_driving_car_pkg/Detection/Lanes/b_Estimation
[2.248s] copying /home/chan/project_ws/build/self_driving_car_pkg/build/lib/self_driving_car_pkg/Detection/Lanes/__init__.py -> /home/chan/project_ws/install/self_driving_car_pkg/lib/python3.8/site-packages/self_driving_car_pkg/Detection/Lanes
[2.248s] creating /home/chan/project_ws/install/self_driving_car_pkg/lib/python3.8/site-packages/self_driving_car_pkg/Detection/TrafficLights
[2.248s] copying /home/chan/project_ws/build/self_driving_car_pkg/build/lib/self_driving_car_pkg/Detection/TrafficLights/TrafficLights_Detection.py -> /home/chan/project_ws/install/self_driving_car_pkg/lib/python3.8/site-packages/self_driving_car_pkg/Detection/TrafficLights
[2.249s] copying /home/chan/project_ws/build/self_driving_car_pkg/build/lib/self_driving_car_pkg/Detection/TrafficLights/__init__.py -> /home/chan/project_ws/install/self_driving_car_pkg/lib/python3.8/site-packages/self_driving_car_pkg/Detection/TrafficLights
[2.249s] creating /home/chan/project_ws/install/self_driving_car_pkg/lib/python3.8/site-packages/self_driving_car_pkg/Detection/Signs
[2.249s] creating /home/chan/project_ws/install/self_driving_car_pkg/lib/python3.8/site-packages/self_driving_car_pkg/Detection/Signs/Classification
[2.249s] copying /home/chan/project_ws/build/self_driving_car_pkg/build/lib/self_driving_car_pkg/Detection/Signs/Classification/CNN.py -> /home/chan/project_ws/install/self_driving_car_pkg/lib/python3.8/site-packages/self_driving_car_pkg/Detection/Signs/Classification
[2.249s] copying /home/chan/project_ws/build/self_driving_car_pkg/build/lib/self_driving_car_pkg/Detection/Signs/Classification/Classification_CNN.py -> /home/chan/project_ws/install/self_driving_car_pkg/lib/python3.8/site-packages/self_driving_car_pkg/Detection/Signs/Classification
[2.249s] copying /home/chan/project_ws/build/self_driving_car_pkg/build/lib/self_driving_car_pkg/Detection/Signs/Classification/__init__.py -> /home/chan/project_ws/install/self_driving_car_pkg/lib/python3.8/site-packages/self_driving_car_pkg/Detection/Signs/Classification
[2.249s] copying /home/chan/project_ws/build/self_driving_car_pkg/build/lib/self_driving_car_pkg/Detection/Signs/Classification/Visualize_CNN.py -> /home/chan/project_ws/install/self_driving_car_pkg/lib/python3.8/site-packages/self_driving_car_pkg/Detection/Signs/Classification
[2.250s] copying /home/chan/project_ws/build/self_driving_car_pkg/build/lib/self_driving_car_pkg/Detection/Signs/SignDetectionApi.py -> /home/chan/project_ws/install/self_driving_car_pkg/lib/python3.8/site-packages/self_driving_car_pkg/Detection/Signs
[2.250s] copying /home/chan/project_ws/build/self_driving_car_pkg/build/lib/self_driving_car_pkg/Detection/Signs/__init__.py -> /home/chan/project_ws/install/self_driving_car_pkg/lib/python3.8/site-packages/self_driving_car_pkg/Detection/Signs
[2.250s] copying /home/chan/project_ws/build/self_driving_car_pkg/build/lib/self_driving_car_pkg/Detection/__init__.py -> /home/chan/project_ws/install/self_driving_car_pkg/lib/python3.8/site-packages/self_driving_car_pkg/Detection
[2.250s] copying /home/chan/project_ws/build/self_driving_car_pkg/build/lib/self_driving_car_pkg/video_save.py -> /home/chan/project_ws/install/self_driving_car_pkg/lib/python3.8/site-packages/self_driving_car_pkg
[2.250s] copying /home/chan/project_ws/build/self_driving_car_pkg/build/lib/self_driving_car_pkg/upper_camera_video.py -> /home/chan/project_ws/install/self_driving_car_pkg/lib/python3.8/site-packages/self_driving_car_pkg
[2.250s] copying /home/chan/project_ws/build/self_driving_car_pkg/build/lib/self_driving_car_pkg/sdf_spawner.py -> /home/chan/project_ws/install/self_driving_car_pkg/lib/python3.8/site-packages/self_driving_car_pkg
[2.250s] copying /home/chan/project_ws/build/self_driving_car_pkg/build/lib/self_driving_car_pkg/Drive_Bot.py -> /home/chan/project_ws/install/self_driving_car_pkg/lib/python3.8/site-packages/self_driving_car_pkg
[2.251s] creating /home/chan/project_ws/install/self_driving_car_pkg/lib/python3.8/site-packages/self_driving_car_pkg/config
[2.251s] copying /home/chan/project_ws/build/self_driving_car_pkg/build/lib/self_driving_car_pkg/config/config.py -> /home/chan/project_ws/install/self_driving_car_pkg/lib/python3.8/site-packages/self_driving_car_pkg/config
[2.251s] copying /home/chan/project_ws/build/self_driving_car_pkg/build/lib/self_driving_car_pkg/config/__init__.py -> /home/chan/project_ws/install/self_driving_car_pkg/lib/python3.8/site-packages/self_driving_car_pkg/config
[2.251s] copying /home/chan/project_ws/build/self_driving_car_pkg/build/lib/self_driving_car_pkg/__init__.py -> /home/chan/project_ws/install/self_driving_car_pkg/lib/python3.8/site-packages/self_driving_car_pkg
[2.252s] byte-compiling /home/chan/project_ws/install/self_driving_car_pkg/lib/python3.8/site-packages/self_driving_car_pkg/data/__init__.py to __init__.cpython-38.pyc
[2.254s] byte-compiling /home/chan/project_ws/install/self_driving_car_pkg/lib/python3.8/site-packages/self_driving_car_pkg/computer_vision_node.py to computer_vision_node.cpython-38.pyc
[2.255s] byte-compiling /home/chan/project_ws/install/self_driving_car_pkg/lib/python3.8/site-packages/self_driving_car_pkg/drive_node.py to drive_node.cpython-38.pyc
[2.255s] byte-compiling /home/chan/project_ws/install/self_driving_car_pkg/lib/python3.8/site-packages/self_driving_car_pkg/sdc_V2.py to sdc_V2.cpython-38.pyc
[2.256s] byte-compiling /home/chan/project_ws/install/self_driving_car_pkg/lib/python3.8/site-packages/self_driving_car_pkg/Detection/Lanes/utilities.py to utilities.cpython-38.pyc
[2.258s] byte-compiling /home/chan/project_ws/install/self_driving_car_pkg/lib/python3.8/site-packages/self_driving_car_pkg/Detection/Lanes/Morph_op.py to Morph_op.cpython-38.pyc
[2.261s] byte-compiling /home/chan/project_ws/install/self_driving_car_pkg/lib/python3.8/site-packages/self_driving_car_pkg/Detection/Lanes/Lane_Detection.py to Lane_Detection.cpython-38.pyc
[2.261s] byte-compiling /home/chan/project_ws/install/self_driving_car_pkg/lib/python3.8/site-packages/self_driving_car_pkg/Detection/Lanes/c_Cleaning/CheckifYellowLaneCorrect_RetInnerBoundary.py to CheckifYellowLaneCorrect_RetInnerBoundary.cpython-38.pyc
[2.266s] byte-compiling /home/chan/project_ws/install/self_driving_car_pkg/lib/python3.8/site-packages/self_driving_car_pkg/Detection/Lanes/c_Cleaning/ExtendLanesAndRefineMidLaneEdge.py to ExtendLanesAndRefineMidLaneEdge.cpython-38.pyc
[2.266s] byte-compiling /home/chan/project_ws/install/self_driving_car_pkg/lib/python3.8/site-packages/self_driving_car_pkg/Detection/Lanes/c_Cleaning/__init__.py to __init__.cpython-38.pyc
[2.266s] byte-compiling /home/chan/project_ws/install/self_driving_car_pkg/lib/python3.8/site-packages/self_driving_car_pkg/Detection/Lanes/d_LaneInfo_Extraction/GetStateInfoandDisplayLane.py to GetStateInfoandDisplayLane.cpython-38.pyc
[2.267s] byte-compiling /home/chan/project_ws/install/self_driving_car_pkg/lib/python3.8/site-packages/self_driving_car_pkg/Detection/Lanes/d_LaneInfo_Extraction/__init__.py to __init__.cpython-38.pyc
[2.267s] byte-compiling /home/chan/project_ws/install/self_driving_car_pkg/lib/python3.8/site-packages/self_driving_car_pkg/Detection/Lanes/a_Segmentation/__init__.py to __init__.cpython-38.pyc
[2.267s] byte-compiling /home/chan/project_ws/install/self_driving_car_pkg/lib/python3.8/site-packages/self_driving_car_pkg/Detection/Lanes/a_Segmentation/colour_segmentation_final.py to colour_segmentation_final.cpython-38.pyc
[2.268s] byte-compiling /home/chan/project_ws/install/self_driving_car_pkg/lib/python3.8/site-packages/self_driving_car_pkg/Detection/Lanes/b_Estimation/Our_EstimationAlgo.py to Our_EstimationAlgo.cpython-38.pyc
[2.269s] byte-compiling /home/chan/project_ws/install/self_driving_car_pkg/lib/python3.8/site-packages/self_driving_car_pkg/Detection/Lanes/b_Estimation/__init__.py to __init__.cpython-38.pyc
[2.270s] byte-compiling /home/chan/project_ws/install/self_driving_car_pkg/lib/python3.8/site-packages/self_driving_car_pkg/Detection/Lanes/__init__.py to __init__.cpython-38.pyc
[2.270s] byte-compiling /home/chan/project_ws/install/self_driving_car_pkg/lib/python3.8/site-packages/self_driving_car_pkg/Detection/TrafficLights/TrafficLights_Detection.py to TrafficLights_Detection.cpython-38.pyc
[2.278s] byte-compiling /home/chan/project_ws/install/self_driving_car_pkg/lib/python3.8/site-packages/self_driving_car_pkg/Detection/TrafficLights/__init__.py to __init__.cpython-38.pyc
[2.278s] byte-compiling /home/chan/project_ws/install/self_driving_car_pkg/lib/python3.8/site-packages/self_driving_car_pkg/Detection/Signs/Classification/CNN.py to CNN.cpython-38.pyc
[2.280s] byte-compiling /home/chan/project_ws/install/self_driving_car_pkg/lib/python3.8/site-packages/self_driving_car_pkg/Detection/Signs/Classification/Classification_CNN.py to Classification_CNN.cpython-38.pyc
[2.282s] byte-compiling /home/chan/project_ws/install/self_driving_car_pkg/lib/python3.8/site-packages/self_driving_car_pkg/Detection/Signs/Classification/__init__.py to __init__.cpython-38.pyc
[2.282s] byte-compiling /home/chan/project_ws/install/self_driving_car_pkg/lib/python3.8/site-packages/self_driving_car_pkg/Detection/Signs/Classification/Visualize_CNN.py to Visualize_CNN.cpython-38.pyc
[2.283s] byte-compiling /home/chan/project_ws/install/self_driving_car_pkg/lib/python3.8/site-packages/self_driving_car_pkg/Detection/Signs/SignDetectionApi.py to SignDetectionApi.cpython-38.pyc
[2.285s] byte-compiling /home/chan/project_ws/install/self_driving_car_pkg/lib/python3.8/site-packages/self_driving_car_pkg/Detection/Signs/__init__.py to __init__.cpython-38.pyc
[2.285s] byte-compiling /home/chan/project_ws/install/self_driving_car_pkg/lib/python3.8/site-packages/self_driving_car_pkg/Detection/__init__.py to __init__.cpython-38.pyc
[2.286s] byte-compiling /home/chan/project_ws/install/self_driving_car_pkg/lib/python3.8/site-packages/self_driving_car_pkg/video_save.py to video_save.cpython-38.pyc
[2.286s] byte-compiling /home/chan/project_ws/install/self_driving_car_pkg/lib/python3.8/site-packages/self_driving_car_pkg/upper_camera_video.py to upper_camera_video.cpython-38.pyc
[2.287s] byte-compiling /home/chan/project_ws/install/self_driving_car_pkg/lib/python3.8/site-packages/self_driving_car_pkg/sdf_spawner.py to sdf_spawner.cpython-38.pyc
[2.287s] byte-compiling /home/chan/project_ws/install/self_driving_car_pkg/lib/python3.8/site-packages/self_driving_car_pkg/Drive_Bot.py to Drive_Bot.cpython-38.pyc
[2.290s] byte-compiling /home/chan/project_ws/install/self_driving_car_pkg/lib/python3.8/site-packages/self_driving_car_pkg/config/config.py to config.cpython-38.pyc
[2.291s] byte-compiling /home/chan/project_ws/install/self_driving_car_pkg/lib/python3.8/site-packages/self_driving_car_pkg/config/__init__.py to __init__.cpython-38.pyc
[2.291s] byte-compiling /home/chan/project_ws/install/self_driving_car_pkg/lib/python3.8/site-packages/self_driving_car_pkg/__init__.py to __init__.cpython-38.pyc
[2.292s] running install_data
[2.292s] copying resource/self_driving_car_pkg -> /home/chan/project_ws/install/self_driving_car_pkg/share/ament_index/resource_index/packages
[2.294s] copying package.xml -> /home/chan/project_ws/install/self_driving_car_pkg/share/self_driving_car_pkg
[2.294s] copying launch/world_gazebo.launch.py -> /home/chan/project_ws/install/self_driving_car_pkg/share/self_driving_car_pkg/launch
[2.294s] copying launch/maze_solving_world.launch.py -> /home/chan/project_ws/install/self_driving_car_pkg/share/self_driving_car_pkg/launch
[2.294s] copying launch/test_laneFollow.launch.py -> /home/chan/project_ws/install/self_driving_car_pkg/share/self_driving_car_pkg/launch
[2.294s] copying launch/record_and_drive.launch.py -> /home/chan/project_ws/install/self_driving_car_pkg/share/self_driving_car_pkg/launch
[2.295s] copying scripts/lights_spawner.bash -> /home/chan/project_ws/install/self_driving_car_pkg/lib/self_driving_car_pkg
[2.295s] copying scripts/lights_spawner_maze.bash -> /home/chan/project_ws/install/self_driving_car_pkg/lib/self_driving_car_pkg
[2.295s] copying worlds/sdc.world -> /home/chan/project_ws/install/self_driving_car_pkg/share/self_driving_car_pkg/worlds
[2.295s] copying worlds/maze_solving.world -> /home/chan/project_ws/install/self_driving_car_pkg/share/self_driving_car_pkg/worlds
[2.295s] copying worlds/Lane_follow_test.world -> /home/chan/project_ws/install/self_driving_car_pkg/share/self_driving_car_pkg/worlds
[2.295s] running install_egg_info
[2.297s] Copying ../../build/self_driving_car_pkg/self_driving_car_pkg.egg-info to /home/chan/project_ws/install/self_driving_car_pkg/lib/python3.8/site-packages/self_driving_car_pkg-0.0.0-py3.8.egg-info
[2.298s] running install_scripts
[2.327s] Installing computer_vision_node script to /home/chan/project_ws/install/self_driving_car_pkg/lib/self_driving_car_pkg
[2.327s] Installing drive_node script to /home/chan/project_ws/install/self_driving_car_pkg/lib/self_driving_car_pkg
[2.327s] Installing spawner_node script to /home/chan/project_ws/install/self_driving_car_pkg/lib/self_driving_car_pkg
[2.328s] Installing vision_node script to /home/chan/project_ws/install/self_driving_car_pkg/lib/self_driving_car_pkg
[2.330s] writing list of installed files to '/home/chan/project_ws/build/self_driving_car_pkg/install.log'
[2.359s] Invoked command in '/home/chan/project_ws/src/self_driving_car_pkg' returned '0': PYTHONPATH=/home/chan/project_ws/build/self_driving_car_pkg/prefix_override:/usr/lib/python3/dist-packages/colcon_core/task/python/colcon_distutils_commands:/home/chan/project_ws/install/self_driving_car_pkg/lib/python3.8/site-packages:${PYTHONPATH} /usr/bin/python3 -W ignore:setup.py install is deprecated setup.py egg_info --egg-base ../../build/self_driving_car_pkg build --build-base /home/chan/project_ws/build/self_driving_car_pkg/build install --record /home/chan/project_ws/build/self_driving_car_pkg/install.log --install-scripts $base/lib/self_driving_car_pkg --single-version-externally-managed install_data --force
