[0.574s] Invoking command in '/home/chan/project_ws/build/self_driving_car_pkg': PYTHONPATH=/home/chan/project_ws/build/self_driving_car_pkg/prefix_override:/usr/lib/python3/dist-packages/colcon_core/task/python/colcon_distutils_commands:/home/chan/project_ws/install/self_driving_car_pkg/lib/python3.8/site-packages:${PYTHONPATH} /usr/bin/python3 -W ignore:setup.py install is deprecated setup.py develop --editable --build-directory /home/chan/project_ws/build/self_driving_car_pkg/build --no-deps symlink_data
[0.779s] running develop
[0.902s] running egg_info
[0.902s] creating self_driving_car_pkg.egg-info
[0.902s] writing self_driving_car_pkg.egg-info/PKG-INFO
[0.902s] writing dependency_links to self_driving_car_pkg.egg-info/dependency_links.txt
[0.902s] writing entry points to self_driving_car_pkg.egg-info/entry_points.txt
[0.902s] writing requirements to self_driving_car_pkg.egg-info/requires.txt
[0.903s] writing top-level names to self_driving_car_pkg.egg-info/top_level.txt
[0.904s] writing manifest file 'self_driving_car_pkg.egg-info/SOURCES.txt'
[0.932s] reading manifest file 'self_driving_car_pkg.egg-info/SOURCES.txt'
[0.933s] writing manifest file 'self_driving_car_pkg.egg-info/SOURCES.txt'
[0.963s] running build_ext
[0.963s] Creating /home/chan/project_ws/install/self_driving_car_pkg/lib/python3.8/site-packages/site.py
[0.965s] Creating /home/chan/project_ws/install/self_driving_car_pkg/lib/python3.8/site-packages/self-driving-car-pkg.egg-link (link to .)
[0.965s] Installing computer_vision_node script to /home/chan/project_ws/install/self_driving_car_pkg/lib/self_driving_car_pkg
[0.966s] Installing sdc_V2 script to /home/chan/project_ws/install/self_driving_car_pkg/lib/self_driving_car_pkg
[0.966s] Installing spawner_node script to /home/chan/project_ws/install/self_driving_car_pkg/lib/self_driving_car_pkg
[0.966s] Installing upper_camera_recording script to /home/chan/project_ws/install/self_driving_car_pkg/lib/self_driving_car_pkg
[0.966s] Installing video_save script to /home/chan/project_ws/install/self_driving_car_pkg/lib/self_driving_car_pkg
[0.966s] 
[0.966s] Installed /home/chan/project_ws/build/self_driving_car_pkg
[0.966s] running symlink_data
[0.967s] creating /home/chan/project_ws/install/self_driving_car_pkg/share/ament_index
[0.967s] creating /home/chan/project_ws/install/self_driving_car_pkg/share/ament_index/resource_index
[0.967s] creating /home/chan/project_ws/install/self_driving_car_pkg/share/ament_index/resource_index/packages
[0.967s] symbolically linking /home/chan/project_ws/build/self_driving_car_pkg/resource/self_driving_car_pkg -> /home/chan/project_ws/install/self_driving_car_pkg/share/ament_index/resource_index/packages
[0.967s] symbolically linking /home/chan/project_ws/build/self_driving_car_pkg/package.xml -> /home/chan/project_ws/install/self_driving_car_pkg/share/self_driving_car_pkg
[0.967s] creating /home/chan/project_ws/install/self_driving_car_pkg/share/self_driving_car_pkg/launch
[0.967s] symbolically linking /home/chan/project_ws/build/self_driving_car_pkg/launch/world_gazebo.launch.py -> /home/chan/project_ws/install/self_driving_car_pkg/share/self_driving_car_pkg/launch
[0.967s] symbolically linking /home/chan/project_ws/build/self_driving_car_pkg/launch/maze_solving_world.launch.py -> /home/chan/project_ws/install/self_driving_car_pkg/share/self_driving_car_pkg/launch
[0.967s] symbolically linking /home/chan/project_ws/build/self_driving_car_pkg/launch/test_laneFollow.launch.py -> /home/chan/project_ws/install/self_driving_car_pkg/share/self_driving_car_pkg/launch
[0.967s] symbolically linking /home/chan/project_ws/build/self_driving_car_pkg/launch/record_and_drive.launch.py -> /home/chan/project_ws/install/self_driving_car_pkg/share/self_driving_car_pkg/launch
[0.967s] symbolically linking /home/chan/project_ws/build/self_driving_car_pkg/scripts/lights_spawner.bash -> /home/chan/project_ws/install/self_driving_car_pkg/lib/self_driving_car_pkg
[0.967s] symbolically linking /home/chan/project_ws/build/self_driving_car_pkg/scripts/lights_spawner_maze.bash -> /home/chan/project_ws/install/self_driving_car_pkg/lib/self_driving_car_pkg
[0.967s] creating /home/chan/project_ws/install/self_driving_car_pkg/share/self_driving_car_pkg/worlds
[0.967s] symbolically linking /home/chan/project_ws/build/self_driving_car_pkg/worlds/sdc.world -> /home/chan/project_ws/install/self_driving_car_pkg/share/self_driving_car_pkg/worlds
[0.967s] symbolically linking /home/chan/project_ws/build/self_driving_car_pkg/worlds/maze_solving.world -> /home/chan/project_ws/install/self_driving_car_pkg/share/self_driving_car_pkg/worlds
[0.968s] symbolically linking /home/chan/project_ws/build/self_driving_car_pkg/worlds/Lane_follow_test.world -> /home/chan/project_ws/install/self_driving_car_pkg/share/self_driving_car_pkg/worlds
[0.987s] Invoked command in '/home/chan/project_ws/build/self_driving_car_pkg' returned '0': PYTHONPATH=/home/chan/project_ws/build/self_driving_car_pkg/prefix_override:/usr/lib/python3/dist-packages/colcon_core/task/python/colcon_distutils_commands:/home/chan/project_ws/install/self_driving_car_pkg/lib/python3.8/site-packages:${PYTHONPATH} /usr/bin/python3 -W ignore:setup.py install is deprecated setup.py develop --editable --build-directory /home/chan/project_ws/build/self_driving_car_pkg/build --no-deps symlink_data
