[2.653s] Invoking command in '/home/chan/project_ws/build/self_driving_car_pkg': PYTHONPATH=/home/chan/project_ws/build/self_driving_car_pkg/prefix_override:/usr/lib/python3/dist-packages/colcon_core/task/python/colcon_distutils_commands:/home/chan/project_ws/install/self_driving_car_pkg/lib/python3.8/site-packages:${PYTHONPATH} /usr/bin/python3 -W ignore:setup.py install is deprecated setup.py develop --editable --build-directory /home/chan/project_ws/build/self_driving_car_pkg/build --no-deps symlink_data
[3.680s] running develop
[4.329s] running egg_info
[4.330s] writing self_driving_car_pkg.egg-info/PKG-INFO
[4.331s] writing dependency_links to self_driving_car_pkg.egg-info/dependency_links.txt
[4.332s] writing entry points to self_driving_car_pkg.egg-info/entry_points.txt
[4.332s] writing requirements to self_driving_car_pkg.egg-info/requires.txt
[4.332s] writing top-level names to self_driving_car_pkg.egg-info/top_level.txt
[4.470s] reading manifest file 'self_driving_car_pkg.egg-info/SOURCES.txt'
[4.476s] writing manifest file 'self_driving_car_pkg.egg-info/SOURCES.txt'
[4.617s] running build_ext
[4.619s] Creating /home/chan/project_ws/install/self_driving_car_pkg/lib/python3.8/site-packages/self-driving-car-pkg.egg-link (link to .)
[4.622s] Installing computer_vision_node script to /home/chan/project_ws/install/self_driving_car_pkg/lib/self_driving_car_pkg
[4.622s] Installing drive_node script to /home/chan/project_ws/install/self_driving_car_pkg/lib/self_driving_car_pkg
[4.623s] Installing sdc_V2 script to /home/chan/project_ws/install/self_driving_car_pkg/lib/self_driving_car_pkg
[4.624s] Installing spawner_node script to /home/chan/project_ws/install/self_driving_car_pkg/lib/self_driving_car_pkg
[4.624s] Installing upper_camera_recording script to /home/chan/project_ws/install/self_driving_car_pkg/lib/self_driving_car_pkg
[4.625s] Installing video_recording_node script to /home/chan/project_ws/install/self_driving_car_pkg/lib/self_driving_car_pkg
[4.626s] Installing vision_node script to /home/chan/project_ws/install/self_driving_car_pkg/lib/self_driving_car_pkg
[4.626s] 
[4.626s] Installed /home/chan/project_ws/build/self_driving_car_pkg
[4.627s] running symlink_data
[4.705s] Invoked command in '/home/chan/project_ws/build/self_driving_car_pkg' returned '0': PYTHONPATH=/home/chan/project_ws/build/self_driving_car_pkg/prefix_override:/usr/lib/python3/dist-packages/colcon_core/task/python/colcon_distutils_commands:/home/chan/project_ws/install/self_driving_car_pkg/lib/python3.8/site-packages:${PYTHONPATH} /usr/bin/python3 -W ignore:setup.py install is deprecated setup.py develop --editable --build-directory /home/chan/project_ws/build/self_driving_car_pkg/build --no-deps symlink_data
