running egg_info
creating ../../build/self_driving_car_pkg/self_driving_car_pkg.egg-info
writing ../../build/self_driving_car_pkg/self_driving_car_pkg.egg-info/PKG-INFO
writing dependency_links to ../../build/self_driving_car_pkg/self_driving_car_pkg.egg-info/dependency_links.txt
writing entry points to ../../build/self_driving_car_pkg/self_driving_car_pkg.egg-info/entry_points.txt
writing requirements to ../../build/self_driving_car_pkg/self_driving_car_pkg.egg-info/requires.txt
writing top-level names to ../../build/self_driving_car_pkg/self_driving_car_pkg.egg-info/top_level.txt
writing manifest file '../../build/self_driving_car_pkg/self_driving_car_pkg.egg-info/SOURCES.txt'
reading manifest file '../../build/self_driving_car_pkg/self_driving_car_pkg.egg-info/SOURCES.txt'
writing manifest file '../../build/self_driving_car_pkg/self_driving_car_pkg.egg-info/SOURCES.txt'
running build
running build_py
creating /home/chan/project_ws/build/self_driving_car_pkg/build
creating /home/chan/project_ws/build/self_driving_car_pkg/build/lib
creating /home/chan/project_ws/build/self_driving_car_pkg/build/lib/self_driving_car_pkg
copying self_driving_car_pkg/computer_vision_node.py -> /home/chan/project_ws/build/self_driving_car_pkg/build/lib/self_driving_car_pkg
copying self_driving_car_pkg/drive_node.py -> /home/chan/project_ws/build/self_driving_car_pkg/build/lib/self_driving_car_pkg
copying self_driving_car_pkg/sdc_V2.py -> /home/chan/project_ws/build/self_driving_car_pkg/build/lib/self_driving_car_pkg
copying self_driving_car_pkg/video_save.py -> /home/chan/project_ws/build/self_driving_car_pkg/build/lib/self_driving_car_pkg
copying self_driving_car_pkg/upper_camera_video.py -> /home/chan/project_ws/build/self_driving_car_pkg/build/lib/self_driving_car_pkg
copying self_driving_car_pkg/sdf_spawner.py -> /home/chan/project_ws/build/self_driving_car_pkg/build/lib/self_driving_car_pkg
copying self_driving_car_pkg/Drive_Bot.py -> /home/chan/project_ws/build/self_driving_car_pkg/build/lib/self_driving_car_pkg
copying self_driving_car_pkg/__init__.py -> /home/chan/project_ws/build/self_driving_car_pkg/build/lib/self_driving_car_pkg
creating /home/chan/project_ws/build/self_driving_car_pkg/build/lib/self_driving_car_pkg/Detection
creating /home/chan/project_ws/build/self_driving_car_pkg/build/lib/self_driving_car_pkg/Detection/Lanes
creating /home/chan/project_ws/build/self_driving_car_pkg/build/lib/self_driving_car_pkg/Detection/Lanes/d_LaneInfo_Extraction
copying self_driving_car_pkg/Detection/Lanes/d_LaneInfo_Extraction/GetStateInfoandDisplayLane.py -> /home/chan/project_ws/build/self_driving_car_pkg/build/lib/self_driving_car_pkg/Detection/Lanes/d_LaneInfo_Extraction
copying self_driving_car_pkg/Detection/Lanes/d_LaneInfo_Extraction/__init__.py -> /home/chan/project_ws/build/self_driving_car_pkg/build/lib/self_driving_car_pkg/Detection/Lanes/d_LaneInfo_Extraction
creating /home/chan/project_ws/build/self_driving_car_pkg/build/lib/self_driving_car_pkg/Detection/Lanes/c_Cleaning
copying self_driving_car_pkg/Detection/Lanes/c_Cleaning/CheckifYellowLaneCorrect_RetInnerBoundary.py -> /home/chan/project_ws/build/self_driving_car_pkg/build/lib/self_driving_car_pkg/Detection/Lanes/c_Cleaning
copying self_driving_car_pkg/Detection/Lanes/c_Cleaning/ExtendLanesAndRefineMidLaneEdge.py -> /home/chan/project_ws/build/self_driving_car_pkg/build/lib/self_driving_car_pkg/Detection/Lanes/c_Cleaning
copying self_driving_car_pkg/Detection/Lanes/c_Cleaning/__init__.py -> /home/chan/project_ws/build/self_driving_car_pkg/build/lib/self_driving_car_pkg/Detection/Lanes/c_Cleaning
creating /home/chan/project_ws/build/self_driving_car_pkg/build/lib/self_driving_car_pkg/Detection/Lanes/b_Estimation
copying self_driving_car_pkg/Detection/Lanes/b_Estimation/Our_EstimationAlgo.py -> /home/chan/project_ws/build/self_driving_car_pkg/build/lib/self_driving_car_pkg/Detection/Lanes/b_Estimation
copying self_driving_car_pkg/Detection/Lanes/b_Estimation/__init__.py -> /home/chan/project_ws/build/self_driving_car_pkg/build/lib/self_driving_car_pkg/Detection/Lanes/b_Estimation
creating /home/chan/project_ws/build/self_driving_car_pkg/build/lib/self_driving_car_pkg/Detection/Lanes/a_Segmentation
copying self_driving_car_pkg/Detection/Lanes/a_Segmentation/__init__.py -> /home/chan/project_ws/build/self_driving_car_pkg/build/lib/self_driving_car_pkg/Detection/Lanes/a_Segmentation
copying self_driving_car_pkg/Detection/Lanes/a_Segmentation/colour_segmentation_final.py -> /home/chan/project_ws/build/self_driving_car_pkg/build/lib/self_driving_car_pkg/Detection/Lanes/a_Segmentation
copying self_driving_car_pkg/Detection/Lanes/utilities.py -> /home/chan/project_ws/build/self_driving_car_pkg/build/lib/self_driving_car_pkg/Detection/Lanes
copying self_driving_car_pkg/Detection/Lanes/Morph_op.py -> /home/chan/project_ws/build/self_driving_car_pkg/build/lib/self_driving_car_pkg/Detection/Lanes
copying self_driving_car_pkg/Detection/Lanes/Lane_Detection.py -> /home/chan/project_ws/build/self_driving_car_pkg/build/lib/self_driving_car_pkg/Detection/Lanes
copying self_driving_car_pkg/Detection/Lanes/__init__.py -> /home/chan/project_ws/build/self_driving_car_pkg/build/lib/self_driving_car_pkg/Detection/Lanes
creating /home/chan/project_ws/build/self_driving_car_pkg/build/lib/self_driving_car_pkg/Detection/Signs
creating /home/chan/project_ws/build/self_driving_car_pkg/build/lib/self_driving_car_pkg/Detection/Signs/Classification
copying self_driving_car_pkg/Detection/Signs/Classification/CNN.py -> /home/chan/project_ws/build/self_driving_car_pkg/build/lib/self_driving_car_pkg/Detection/Signs/Classification
copying self_driving_car_pkg/Detection/Signs/Classification/Classification_CNN.py -> /home/chan/project_ws/build/self_driving_car_pkg/build/lib/self_driving_car_pkg/Detection/Signs/Classification
copying self_driving_car_pkg/Detection/Signs/Classification/__init__.py -> /home/chan/project_ws/build/self_driving_car_pkg/build/lib/self_driving_car_pkg/Detection/Signs/Classification
copying self_driving_car_pkg/Detection/Signs/Classification/Visualize_CNN.py -> /home/chan/project_ws/build/self_driving_car_pkg/build/lib/self_driving_car_pkg/Detection/Signs/Classification
copying self_driving_car_pkg/Detection/Signs/SignDetectionApi.py -> /home/chan/project_ws/build/self_driving_car_pkg/build/lib/self_driving_car_pkg/Detection/Signs
copying self_driving_car_pkg/Detection/Signs/__init__.py -> /home/chan/project_ws/build/self_driving_car_pkg/build/lib/self_driving_car_pkg/Detection/Signs
creating /home/chan/project_ws/build/self_driving_car_pkg/build/lib/self_driving_car_pkg/Detection/TrafficLights
copying self_driving_car_pkg/Detection/TrafficLights/TrafficLights_Detection.py -> /home/chan/project_ws/build/self_driving_car_pkg/build/lib/self_driving_car_pkg/Detection/TrafficLights
copying self_driving_car_pkg/Detection/TrafficLights/__init__.py -> /home/chan/project_ws/build/self_driving_car_pkg/build/lib/self_driving_car_pkg/Detection/TrafficLights
copying self_driving_car_pkg/Detection/__init__.py -> /home/chan/project_ws/build/self_driving_car_pkg/build/lib/self_driving_car_pkg/Detection
creating /home/chan/project_ws/build/self_driving_car_pkg/build/lib/self_driving_car_pkg/config
copying self_driving_car_pkg/config/config.py -> /home/chan/project_ws/build/self_driving_car_pkg/build/lib/self_driving_car_pkg/config
copying self_driving_car_pkg/config/__init__.py -> /home/chan/project_ws/build/self_driving_car_pkg/build/lib/self_driving_car_pkg/config
creating /home/chan/project_ws/build/self_driving_car_pkg/build/lib/self_driving_car_pkg/data
copying self_driving_car_pkg/data/__init__.py -> /home/chan/project_ws/build/self_driving_car_pkg/build/lib/self_driving_car_pkg/data
running install
running install_lib
running install_data
running install_egg_info
removing '/home/chan/project_ws/install/self_driving_car_pkg/lib/python3.8/site-packages/self_driving_car_pkg-0.0.0-py3.8.egg-info' (and everything under it)
Copying ../../build/self_driving_car_pkg/self_driving_car_pkg.egg-info to /home/chan/project_ws/install/self_driving_car_pkg/lib/python3.8/site-packages/self_driving_car_pkg-0.0.0-py3.8.egg-info
running install_scripts
Installing computer_vision_node script to /home/chan/project_ws/install/self_driving_car_pkg/lib/self_driving_car_pkg
Installing drive_node script to /home/chan/project_ws/install/self_driving_car_pkg/lib/self_driving_car_pkg
Installing spawner_node script to /home/chan/project_ws/install/self_driving_car_pkg/lib/self_driving_car_pkg
Installing vision_node script to /home/chan/project_ws/install/self_driving_car_pkg/lib/self_driving_car_pkg
writing list of installed files to '/home/chan/project_ws/build/self_driving_car_pkg/install.log'
