[0.640s] Invoking command in '/home/chan/project_ws/src/self_driving_car_pkg': PYTHONPATH=/home/chan/project_ws/build/self_driving_car_pkg/prefix_override:/usr/lib/python3/dist-packages/colcon_core/task/python/colcon_distutils_commands:/home/chan/project_ws/install/self_driving_car_pkg/lib/python3.8/site-packages:${PYTHONPATH} /usr/bin/python3 -W ignore:setup.py install is deprecated setup.py egg_info --egg-base ../../build/self_driving_car_pkg build --build-base /home/chan/project_ws/build/self_driving_car_pkg/build install --record /home/chan/project_ws/build/self_driving_car_pkg/install.log --install-scripts $base/lib/self_driving_car_pkg --single-version-externally-managed install_data
[0.866s] running egg_info
[0.866s] creating ../../build/self_driving_car_pkg/self_driving_car_pkg.egg-info
[0.867s] writing ../../build/self_driving_car_pkg/self_driving_car_pkg.egg-info/PKG-INFO
[0.867s] writing dependency_links to ../../build/self_driving_car_pkg/self_driving_car_pkg.egg-info/dependency_links.txt
[0.867s] writing entry points to ../../build/self_driving_car_pkg/self_driving_car_pkg.egg-info/entry_points.txt
[0.867s] writing requirements to ../../build/self_driving_car_pkg/self_driving_car_pkg.egg-info/requires.txt
[0.867s] writing top-level names to ../../build/self_driving_car_pkg/self_driving_car_pkg.egg-info/top_level.txt
[0.868s] writing manifest file '../../build/self_driving_car_pkg/self_driving_car_pkg.egg-info/SOURCES.txt'
[0.904s] reading manifest file '../../build/self_driving_car_pkg/self_driving_car_pkg.egg-info/SOURCES.txt'
[0.905s] writing manifest file '../../build/self_driving_car_pkg/self_driving_car_pkg.egg-info/SOURCES.txt'
[0.905s] running build
[0.905s] running build_py
[0.905s] creating /home/chan/project_ws/build/self_driving_car_pkg/build
[0.906s] creating /home/chan/project_ws/build/self_driving_car_pkg/build/lib
[0.906s] creating /home/chan/project_ws/build/self_driving_car_pkg/build/lib/self_driving_car_pkg
[0.906s] copying self_driving_car_pkg/computer_vision_node.py -> /home/chan/project_ws/build/self_driving_car_pkg/build/lib/self_driving_car_pkg
[0.906s] copying self_driving_car_pkg/drive_node.py -> /home/chan/project_ws/build/self_driving_car_pkg/build/lib/self_driving_car_pkg
[0.906s] copying self_driving_car_pkg/sdc_V2.py -> /home/chan/project_ws/build/self_driving_car_pkg/build/lib/self_driving_car_pkg
[0.906s] copying self_driving_car_pkg/video_save.py -> /home/chan/project_ws/build/self_driving_car_pkg/build/lib/self_driving_car_pkg
[0.906s] copying self_driving_car_pkg/upper_camera_video.py -> /home/chan/project_ws/build/self_driving_car_pkg/build/lib/self_driving_car_pkg
[0.906s] copying self_driving_car_pkg/sdf_spawner.py -> /home/chan/project_ws/build/self_driving_car_pkg/build/lib/self_driving_car_pkg
[0.906s] copying self_driving_car_pkg/Drive_Bot.py -> /home/chan/project_ws/build/self_driving_car_pkg/build/lib/self_driving_car_pkg
[0.906s] copying self_driving_car_pkg/__init__.py -> /home/chan/project_ws/build/self_driving_car_pkg/build/lib/self_driving_car_pkg
[0.907s] creating /home/chan/project_ws/build/self_driving_car_pkg/build/lib/self_driving_car_pkg/Detection
[0.907s] creating /home/chan/project_ws/build/self_driving_car_pkg/build/lib/self_driving_car_pkg/Detection/Lanes
[0.907s] creating /home/chan/project_ws/build/self_driving_car_pkg/build/lib/self_driving_car_pkg/Detection/Lanes/d_LaneInfo_Extraction
[0.907s] copying self_driving_car_pkg/Detection/Lanes/d_LaneInfo_Extraction/GetStateInfoandDisplayLane.py -> /home/chan/project_ws/build/self_driving_car_pkg/build/lib/self_driving_car_pkg/Detection/Lanes/d_LaneInfo_Extraction
[0.907s] copying self_driving_car_pkg/Detection/Lanes/d_LaneInfo_Extraction/__init__.py -> /home/chan/project_ws/build/self_driving_car_pkg/build/lib/self_driving_car_pkg/Detection/Lanes/d_LaneInfo_Extraction
[0.907s] creating /home/chan/project_ws/build/self_driving_car_pkg/build/lib/self_driving_car_pkg/Detection/Lanes/c_Cleaning
[0.907s] copying self_driving_car_pkg/Detection/Lanes/c_Cleaning/CheckifYellowLaneCorrect_RetInnerBoundary.py -> /home/chan/project_ws/build/self_driving_car_pkg/build/lib/self_driving_car_pkg/Detection/Lanes/c_Cleaning
[0.907s] copying self_driving_car_pkg/Detection/Lanes/c_Cleaning/ExtendLanesAndRefineMidLaneEdge.py -> /home/chan/project_ws/build/self_driving_car_pkg/build/lib/self_driving_car_pkg/Detection/Lanes/c_Cleaning
[0.907s] copying self_driving_car_pkg/Detection/Lanes/c_Cleaning/__init__.py -> /home/chan/project_ws/build/self_driving_car_pkg/build/lib/self_driving_car_pkg/Detection/Lanes/c_Cleaning
[0.907s] creating /home/chan/project_ws/build/self_driving_car_pkg/build/lib/self_driving_car_pkg/Detection/Lanes/b_Estimation
[0.908s] copying self_driving_car_pkg/Detection/Lanes/b_Estimation/Our_EstimationAlgo.py -> /home/chan/project_ws/build/self_driving_car_pkg/build/lib/self_driving_car_pkg/Detection/Lanes/b_Estimation
[0.908s] copying self_driving_car_pkg/Detection/Lanes/b_Estimation/__init__.py -> /home/chan/project_ws/build/self_driving_car_pkg/build/lib/self_driving_car_pkg/Detection/Lanes/b_Estimation
[0.908s] creating /home/chan/project_ws/build/self_driving_car_pkg/build/lib/self_driving_car_pkg/Detection/Lanes/a_Segmentation
[0.908s] copying self_driving_car_pkg/Detection/Lanes/a_Segmentation/__init__.py -> /home/chan/project_ws/build/self_driving_car_pkg/build/lib/self_driving_car_pkg/Detection/Lanes/a_Segmentation
[0.908s] copying self_driving_car_pkg/Detection/Lanes/a_Segmentation/colour_segmentation_final.py -> /home/chan/project_ws/build/self_driving_car_pkg/build/lib/self_driving_car_pkg/Detection/Lanes/a_Segmentation
[0.908s] copying self_driving_car_pkg/Detection/Lanes/utilities.py -> /home/chan/project_ws/build/self_driving_car_pkg/build/lib/self_driving_car_pkg/Detection/Lanes
[0.908s] copying self_driving_car_pkg/Detection/Lanes/Morph_op.py -> /home/chan/project_ws/build/self_driving_car_pkg/build/lib/self_driving_car_pkg/Detection/Lanes
[0.908s] copying self_driving_car_pkg/Detection/Lanes/Lane_Detection.py -> /home/chan/project_ws/build/self_driving_car_pkg/build/lib/self_driving_car_pkg/Detection/Lanes
[0.908s] copying self_driving_car_pkg/Detection/Lanes/__init__.py -> /home/chan/project_ws/build/self_driving_car_pkg/build/lib/self_driving_car_pkg/Detection/Lanes
[0.909s] creating /home/chan/project_ws/build/self_driving_car_pkg/build/lib/self_driving_car_pkg/Detection/Signs
[0.909s] creating /home/chan/project_ws/build/self_driving_car_pkg/build/lib/self_driving_car_pkg/Detection/Signs/Classification
[0.909s] copying self_driving_car_pkg/Detection/Signs/Classification/CNN.py -> /home/chan/project_ws/build/self_driving_car_pkg/build/lib/self_driving_car_pkg/Detection/Signs/Classification
[0.909s] copying self_driving_car_pkg/Detection/Signs/Classification/Classification_CNN.py -> /home/chan/project_ws/build/self_driving_car_pkg/build/lib/self_driving_car_pkg/Detection/Signs/Classification
[0.909s] copying self_driving_car_pkg/Detection/Signs/Classification/__init__.py -> /home/chan/project_ws/build/self_driving_car_pkg/build/lib/self_driving_car_pkg/Detection/Signs/Classification
[0.909s] copying self_driving_car_pkg/Detection/Signs/Classification/Visualize_CNN.py -> /home/chan/project_ws/build/self_driving_car_pkg/build/lib/self_driving_car_pkg/Detection/Signs/Classification
[0.909s] copying self_driving_car_pkg/Detection/Signs/SignDetectionApi.py -> /home/chan/project_ws/build/self_driving_car_pkg/build/lib/self_driving_car_pkg/Detection/Signs
[0.909s] copying self_driving_car_pkg/Detection/Signs/__init__.py -> /home/chan/project_ws/build/self_driving_car_pkg/build/lib/self_driving_car_pkg/Detection/Signs
[0.910s] creating /home/chan/project_ws/build/self_driving_car_pkg/build/lib/self_driving_car_pkg/Detection/TrafficLights
[0.910s] copying self_driving_car_pkg/Detection/TrafficLights/TrafficLights_Detection.py -> /home/chan/project_ws/build/self_driving_car_pkg/build/lib/self_driving_car_pkg/Detection/TrafficLights
[0.910s] copying self_driving_car_pkg/Detection/TrafficLights/__init__.py -> /home/chan/project_ws/build/self_driving_car_pkg/build/lib/self_driving_car_pkg/Detection/TrafficLights
[0.910s] copying self_driving_car_pkg/Detection/__init__.py -> /home/chan/project_ws/build/self_driving_car_pkg/build/lib/self_driving_car_pkg/Detection
[0.910s] creating /home/chan/project_ws/build/self_driving_car_pkg/build/lib/self_driving_car_pkg/config
[0.910s] copying self_driving_car_pkg/config/config.py -> /home/chan/project_ws/build/self_driving_car_pkg/build/lib/self_driving_car_pkg/config
[0.911s] copying self_driving_car_pkg/config/__init__.py -> /home/chan/project_ws/build/self_driving_car_pkg/build/lib/self_driving_car_pkg/config
[0.911s] creating /home/chan/project_ws/build/self_driving_car_pkg/build/lib/self_driving_car_pkg/data
[0.911s] copying self_driving_car_pkg/data/__init__.py -> /home/chan/project_ws/build/self_driving_car_pkg/build/lib/self_driving_car_pkg/data
[0.911s] running install
[0.912s] running install_lib
[0.915s] running install_data
[0.916s] running install_egg_info
[0.917s] removing '/home/chan/project_ws/install/self_driving_car_pkg/lib/python3.8/site-packages/self_driving_car_pkg-0.0.0-py3.8.egg-info' (and everything under it)
[0.918s] Copying ../../build/self_driving_car_pkg/self_driving_car_pkg.egg-info to /home/chan/project_ws/install/self_driving_car_pkg/lib/python3.8/site-packages/self_driving_car_pkg-0.0.0-py3.8.egg-info
[0.919s] running install_scripts
[0.937s] Installing computer_vision_node script to /home/chan/project_ws/install/self_driving_car_pkg/lib/self_driving_car_pkg
[0.937s] Installing drive_node script to /home/chan/project_ws/install/self_driving_car_pkg/lib/self_driving_car_pkg
[0.937s] Installing spawner_node script to /home/chan/project_ws/install/self_driving_car_pkg/lib/self_driving_car_pkg
[0.937s] Installing vision_node script to /home/chan/project_ws/install/self_driving_car_pkg/lib/self_driving_car_pkg
[0.939s] writing list of installed files to '/home/chan/project_ws/build/self_driving_car_pkg/install.log'
[0.962s] Invoked command in '/home/chan/project_ws/src/self_driving_car_pkg' returned '0': PYTHONPATH=/home/chan/project_ws/build/self_driving_car_pkg/prefix_override:/usr/lib/python3/dist-packages/colcon_core/task/python/colcon_distutils_commands:/home/chan/project_ws/install/self_driving_car_pkg/lib/python3.8/site-packages:${PYTHONPATH} /usr/bin/python3 -W ignore:setup.py install is deprecated setup.py egg_info --egg-base ../../build/self_driving_car_pkg build --build-base /home/chan/project_ws/build/self_driving_car_pkg/build install --record /home/chan/project_ws/build/self_driving_car_pkg/install.log --install-scripts $base/lib/self_driving_car_pkg --single-version-externally-managed install_data
