[1.090s] Invoking command in '/home/chan/project_ws/src/self_driving_car_pkg': PYTHONPATH=/home/chan/project_ws/build/self_driving_car_pkg/prefix_override:/usr/lib/python3/dist-packages/colcon_core/task/python/colcon_distutils_commands:/home/chan/project_ws/install/self_driving_car_pkg/lib/python3.8/site-packages:${PYTHONPATH} /usr/bin/python3 -W ignore:setup.py install is deprecated setup.py egg_info --egg-base ../../build/self_driving_car_pkg build --build-base /home/chan/project_ws/build/self_driving_car_pkg/build install --record /home/chan/project_ws/build/self_driving_car_pkg/install.log --install-scripts $base/lib/self_driving_car_pkg --single-version-externally-managed install_data
[1.478s] running egg_info
[1.479s] writing ../../build/self_driving_car_pkg/self_driving_car_pkg.egg-info/PKG-INFO
[1.479s] writing dependency_links to ../../build/self_driving_car_pkg/self_driving_car_pkg.egg-info/dependency_links.txt
[1.480s] writing entry points to ../../build/self_driving_car_pkg/self_driving_car_pkg.egg-info/entry_points.txt
[1.480s] writing requirements to ../../build/self_driving_car_pkg/self_driving_car_pkg.egg-info/requires.txt
[1.480s] writing top-level names to ../../build/self_driving_car_pkg/self_driving_car_pkg.egg-info/top_level.txt
[1.538s] reading manifest file '../../build/self_driving_car_pkg/self_driving_car_pkg.egg-info/SOURCES.txt'
[1.540s] writing manifest file '../../build/self_driving_car_pkg/self_driving_car_pkg.egg-info/SOURCES.txt'
[1.541s] running build
[1.541s] running build_py
[1.541s] copying self_driving_car_pkg/vision_node.py -> /home/chan/project_ws/build/self_driving_car_pkg/build/lib/self_driving_car_pkg
[1.546s] running install
[1.547s] running install_lib
[1.548s] copying /home/chan/project_ws/build/self_driving_car_pkg/build/lib/self_driving_car_pkg/vision_node.py -> /home/chan/project_ws/install/self_driving_car_pkg/lib/python3.8/site-packages/self_driving_car_pkg
[1.551s] byte-compiling /home/chan/project_ws/install/self_driving_car_pkg/lib/python3.8/site-packages/self_driving_car_pkg/vision_node.py to vision_node.cpython-38.pyc
[1.554s] running install_data
[1.554s] running install_egg_info
[1.557s] removing '/home/chan/project_ws/install/self_driving_car_pkg/lib/python3.8/site-packages/self_driving_car_pkg-0.0.0-py3.8.egg-info' (and everything under it)
[1.558s] Copying ../../build/self_driving_car_pkg/self_driving_car_pkg.egg-info to /home/chan/project_ws/install/self_driving_car_pkg/lib/python3.8/site-packages/self_driving_car_pkg-0.0.0-py3.8.egg-info
[1.559s] running install_scripts
[1.587s] Installing computer_vision_node script to /home/chan/project_ws/install/self_driving_car_pkg/lib/self_driving_car_pkg
[1.588s] Installing drive_node script to /home/chan/project_ws/install/self_driving_car_pkg/lib/self_driving_car_pkg
[1.588s] Installing spawner_node script to /home/chan/project_ws/install/self_driving_car_pkg/lib/self_driving_car_pkg
[1.588s] Installing vision_node script to /home/chan/project_ws/install/self_driving_car_pkg/lib/self_driving_car_pkg
[1.590s] writing list of installed files to '/home/chan/project_ws/build/self_driving_car_pkg/install.log'
[1.621s] Invoked command in '/home/chan/project_ws/src/self_driving_car_pkg' returned '0': PYTHONPATH=/home/chan/project_ws/build/self_driving_car_pkg/prefix_override:/usr/lib/python3/dist-packages/colcon_core/task/python/colcon_distutils_commands:/home/chan/project_ws/install/self_driving_car_pkg/lib/python3.8/site-packages:${PYTHONPATH} /usr/bin/python3 -W ignore:setup.py install is deprecated setup.py egg_info --egg-base ../../build/self_driving_car_pkg build --build-base /home/chan/project_ws/build/self_driving_car_pkg/build install --record /home/chan/project_ws/build/self_driving_car_pkg/install.log --install-scripts $base/lib/self_driving_car_pkg --single-version-externally-managed install_data
