[1.061s] Invoking command in '/home/chan/project_ws/build/self_driving_car_pkg': PYTHONPATH=/home/chan/project_ws/build/self_driving_car_pkg/prefix_override:/usr/lib/python3/dist-packages/colcon_core/task/python/colcon_distutils_commands:/home/chan/project_ws/install/self_driving_car_pkg/lib/python3.8/site-packages:${PYTHONPATH} /usr/bin/python3 -W ignore:setup.py install is deprecated setup.py develop --editable --build-directory /home/chan/project_ws/build/self_driving_car_pkg/build --no-deps symlink_data --force
[1.468s] running develop
[1.713s] running egg_info
[1.714s] writing self_driving_car_pkg.egg-info/PKG-INFO
[1.714s] writing dependency_links to self_driving_car_pkg.egg-info/dependency_links.txt
[1.714s] writing entry points to self_driving_car_pkg.egg-info/entry_points.txt
[1.714s] writing requirements to self_driving_car_pkg.egg-info/requires.txt
[1.714s] writing top-level names to self_driving_car_pkg.egg-info/top_level.txt
[1.769s] reading manifest file 'self_driving_car_pkg.egg-info/SOURCES.txt'
[1.772s] writing manifest file 'self_driving_car_pkg.egg-info/SOURCES.txt'
[1.829s] running build_ext
[1.830s] Creating /home/chan/project_ws/install/self_driving_car_pkg/lib/python3.8/site-packages/self-driving-car-pkg.egg-link (link to .)
[1.831s] Installing computer_vision_node script to /home/chan/project_ws/install/self_driving_car_pkg/lib/self_driving_car_pkg
[1.831s] Installing drive_node script to /home/chan/project_ws/install/self_driving_car_pkg/lib/self_driving_car_pkg
[1.831s] Installing spawner_node script to /home/chan/project_ws/install/self_driving_car_pkg/lib/self_driving_car_pkg
[1.832s] Installing vision_node script to /home/chan/project_ws/install/self_driving_car_pkg/lib/self_driving_car_pkg
[1.832s] 
[1.832s] Installed /home/chan/project_ws/build/self_driving_car_pkg
[1.832s] running symlink_data
[1.832s] symbolically linking /home/chan/project_ws/build/self_driving_car_pkg/resource/self_driving_car_pkg -> /home/chan/project_ws/install/self_driving_car_pkg/share/ament_index/resource_index/packages
[1.833s] symbolically linking /home/chan/project_ws/build/self_driving_car_pkg/package.xml -> /home/chan/project_ws/install/self_driving_car_pkg/share/self_driving_car_pkg
[1.833s] symbolically linking /home/chan/project_ws/build/self_driving_car_pkg/launch/world_gazebo.launch.py -> /home/chan/project_ws/install/self_driving_car_pkg/share/self_driving_car_pkg/launch
[1.833s] symbolically linking /home/chan/project_ws/build/self_driving_car_pkg/launch/maze_solving_world.launch.py -> /home/chan/project_ws/install/self_driving_car_pkg/share/self_driving_car_pkg/launch
[1.833s] symbolically linking /home/chan/project_ws/build/self_driving_car_pkg/launch/test_laneFollow.launch.py -> /home/chan/project_ws/install/self_driving_car_pkg/share/self_driving_car_pkg/launch
[1.833s] symbolically linking /home/chan/project_ws/build/self_driving_car_pkg/launch/record_and_drive.launch.py -> /home/chan/project_ws/install/self_driving_car_pkg/share/self_driving_car_pkg/launch
[1.833s] symbolically linking /home/chan/project_ws/build/self_driving_car_pkg/scripts/lights_spawner.bash -> /home/chan/project_ws/install/self_driving_car_pkg/lib/self_driving_car_pkg
[1.833s] symbolically linking /home/chan/project_ws/build/self_driving_car_pkg/scripts/lights_spawner_maze.bash -> /home/chan/project_ws/install/self_driving_car_pkg/lib/self_driving_car_pkg
[1.834s] symbolically linking /home/chan/project_ws/build/self_driving_car_pkg/worlds/sdc.world -> /home/chan/project_ws/install/self_driving_car_pkg/share/self_driving_car_pkg/worlds
[1.834s] symbolically linking /home/chan/project_ws/build/self_driving_car_pkg/worlds/maze_solving.world -> /home/chan/project_ws/install/self_driving_car_pkg/share/self_driving_car_pkg/worlds
[1.834s] symbolically linking /home/chan/project_ws/build/self_driving_car_pkg/worlds/Lane_follow_test.world -> /home/chan/project_ws/install/self_driving_car_pkg/share/self_driving_car_pkg/worlds
[1.869s] Invoked command in '/home/chan/project_ws/build/self_driving_car_pkg' returned '0': PYTHONPATH=/home/chan/project_ws/build/self_driving_car_pkg/prefix_override:/usr/lib/python3/dist-packages/colcon_core/task/python/colcon_distutils_commands:/home/chan/project_ws/install/self_driving_car_pkg/lib/python3.8/site-packages:${PYTHONPATH} /usr/bin/python3 -W ignore:setup.py install is deprecated setup.py develop --editable --build-directory /home/chan/project_ws/build/self_driving_car_pkg/build --no-deps symlink_data --force
