[0.597s] Invoking command in '/home/chan/project_ws/src/self_driving_car_pkg': PYTHONPATH=/home/chan/project_ws/build/self_driving_car_pkg/prefix_override:/usr/lib/python3/dist-packages/colcon_core/task/python/colcon_distutils_commands:/home/chan/project_ws/install/self_driving_car_pkg/lib/python3.8/site-packages:${PYTHONPATH} /usr/bin/python3 -W ignore:setup.py install is deprecated setup.py egg_info --egg-base ../../build/self_driving_car_pkg build --build-base /home/chan/project_ws/build/self_driving_car_pkg/build install --record /home/chan/project_ws/build/self_driving_car_pkg/install.log --install-scripts $base/lib/self_driving_car_pkg --single-version-externally-managed install_data
[0.802s] running egg_info
[0.802s] writing ../../build/self_driving_car_pkg/self_driving_car_pkg.egg-info/PKG-INFO
[0.802s] writing dependency_links to ../../build/self_driving_car_pkg/self_driving_car_pkg.egg-info/dependency_links.txt
[0.803s] writing entry points to ../../build/self_driving_car_pkg/self_driving_car_pkg.egg-info/entry_points.txt
[0.803s] writing requirements to ../../build/self_driving_car_pkg/self_driving_car_pkg.egg-info/requires.txt
[0.803s] writing top-level names to ../../build/self_driving_car_pkg/self_driving_car_pkg.egg-info/top_level.txt
[0.835s] reading manifest file '../../build/self_driving_car_pkg/self_driving_car_pkg.egg-info/SOURCES.txt'
[0.836s] writing manifest file '../../build/self_driving_car_pkg/self_driving_car_pkg.egg-info/SOURCES.txt'
[0.836s] running build
[0.836s] running build_py
[0.839s] running install
[0.839s] running install_lib
[0.842s] running install_data
[0.843s] running install_egg_info
[0.845s] removing '/home/chan/project_ws/install/self_driving_car_pkg/lib/python3.8/site-packages/self_driving_car_pkg-0.0.0-py3.8.egg-info' (and everything under it)
[0.845s] Copying ../../build/self_driving_car_pkg/self_driving_car_pkg.egg-info to /home/chan/project_ws/install/self_driving_car_pkg/lib/python3.8/site-packages/self_driving_car_pkg-0.0.0-py3.8.egg-info
[0.846s] running install_scripts
[0.861s] Installing computer_vision_node script to /home/chan/project_ws/install/self_driving_car_pkg/lib/self_driving_car_pkg
[0.861s] Installing drive_node script to /home/chan/project_ws/install/self_driving_car_pkg/lib/self_driving_car_pkg
[0.861s] Installing spawner_node script to /home/chan/project_ws/install/self_driving_car_pkg/lib/self_driving_car_pkg
[0.861s] Installing vision_node script to /home/chan/project_ws/install/self_driving_car_pkg/lib/self_driving_car_pkg
[0.862s] writing list of installed files to '/home/chan/project_ws/build/self_driving_car_pkg/install.log'
[0.882s] Invoked command in '/home/chan/project_ws/src/self_driving_car_pkg' returned '0': PYTHONPATH=/home/chan/project_ws/build/self_driving_car_pkg/prefix_override:/usr/lib/python3/dist-packages/colcon_core/task/python/colcon_distutils_commands:/home/chan/project_ws/install/self_driving_car_pkg/lib/python3.8/site-packages:${PYTHONPATH} /usr/bin/python3 -W ignore:setup.py install is deprecated setup.py egg_info --egg-base ../../build/self_driving_car_pkg build --build-base /home/chan/project_ws/build/self_driving_car_pkg/build install --record /home/chan/project_ws/build/self_driving_car_pkg/install.log --install-scripts $base/lib/self_driving_car_pkg --single-version-externally-managed install_data
